2019.03.11 14:03 B D:\bipin\vanvihar\ContactFrom_v15\blackBuck.html --> news360.netlegends.in /netlegends.in/ContactFrom_v15 blackBuck.html
2019.03.11 14:03 B D:\bipin\vanvihar\ContactFrom_v15\blackBuckHI.html --> news360.netlegends.in /netlegends.in/ContactFrom_v15 blackBuckHI.html
2019.03.11 14:03 B D:\bipin\vanvihar\ContactFrom_v15\jackal.html --> news360.netlegends.in /netlegends.in/ContactFrom_v15 jackal.html
2019.03.11 14:03 B D:\bipin\vanvihar\ContactFrom_v15\jackal1.html --> news360.netlegends.in /netlegends.in/ContactFrom_v15 jackal1.html
2019.03.11 14:03 B D:\bipin\vanvihar\ContactFrom_v15\jackal1.rar --> news360.netlegends.in /netlegends.in/ContactFrom_v15 jackal1.rar
2019.03.11 14:03 B D:\bipin\vanvihar\ContactFrom_v15\jackalHI.html --> news360.netlegends.in /netlegends.in/ContactFrom_v15 jackalHI.html
2019.03.11 14:03 B D:\bipin\vanvihar\ContactFrom_v15\langur.html --> news360.netlegends.in /netlegends.in/ContactFrom_v15 langur.html
2019.03.11 14:03 B D:\bipin\vanvihar\ContactFrom_v15\langurHI.html --> news360.netlegends.in /netlegends.in/ContactFrom_v15 langurHI.html
2019.03.11 14:03 B D:\bipin\vanvihar\ContactFrom_v15\leopard.html --> news360.netlegends.in /netlegends.in/ContactFrom_v15 leopard.html
2019.03.11 14:03 B D:\bipin\vanvihar\ContactFrom_v15\leopard1.html --> news360.netlegends.in /netlegends.in/ContactFrom_v15 leopard1.html
2019.03.11 14:03 B D:\bipin\vanvihar\ContactFrom_v15\leopardHI.html --> news360.netlegends.in /netlegends.in/ContactFrom_v15 leopardHI.html
2019.03.11 14:03 B D:\bipin\vanvihar\ContactFrom_v15\nilgai.html --> news360.netlegends.in /netlegends.in/ContactFrom_v15 nilgai.html
2019.03.11 14:03 B D:\bipin\vanvihar\ContactFrom_v15\nilgaiHI.html --> news360.netlegends.in /netlegends.in/ContactFrom_v15 nilgaiHI.html
2019.03.11 14:03 B D:\bipin\vanvihar\ContactFrom_v15\sambhar.html --> news360.netlegends.in /netlegends.in/ContactFrom_v15 sambhar.html
2019.03.11 14:03 B D:\bipin\vanvihar\ContactFrom_v15\sambharHI.html --> news360.netlegends.in /netlegends.in/ContactFrom_v15 sambharHI.html
2019.03.11 14:03 B D:\bipin\vanvihar\ContactFrom_v15\slothBear.html --> news360.netlegends.in /netlegends.in/ContactFrom_v15 slothBear.html
2019.03.11 14:03 B D:\bipin\vanvihar\ContactFrom_v15\slothBearHI.html --> news360.netlegends.in /netlegends.in/ContactFrom_v15 slothBearHI.html
2019.03.11 14:03 B D:\bipin\vanvihar\ContactFrom_v15\spottedDeer.html --> news360.netlegends.in /netlegends.in/ContactFrom_v15 spottedDeer.html
2019.03.11 14:03 B D:\bipin\vanvihar\ContactFrom_v15\spottedDeerHI.html --> news360.netlegends.in /netlegends.in/ContactFrom_v15 spottedDeerHI.html
2019.03.11 14:03 B D:\bipin\vanvihar\ContactFrom_v15\stripedHyena.html --> news360.netlegends.in /netlegends.in/ContactFrom_v15 stripedHyena.html
2019.03.11 14:03 B D:\bipin\vanvihar\ContactFrom_v15\stripedHyenaHI.html --> news360.netlegends.in /netlegends.in/ContactFrom_v15 stripedHyenaHI.html
2019.03.11 14:03 B D:\bipin\vanvihar\ContactFrom_v15\tiger.html --> news360.netlegends.in /netlegends.in/ContactFrom_v15 tiger.html
2019.03.11 14:03 B D:\bipin\vanvihar\ContactFrom_v15\tigerHI.html --> news360.netlegends.in /netlegends.in/ContactFrom_v15 tigerHI.html
2019.03.11 14:03 B D:\bipin\vanvihar\ContactFrom_v15\vanVihar.html --> news360.netlegends.in /netlegends.in/ContactFrom_v15 vanVihar.html
2019.03.11 14:03 B D:\bipin\vanvihar\ContactFrom_v15\vanViharHI.html --> news360.netlegends.in /netlegends.in/ContactFrom_v15 vanViharHI.html
2019.03.11 14:03 B D:\bipin\vanvihar\ContactFrom_v15\wildBoar.html --> news360.netlegends.in /netlegends.in/ContactFrom_v15 wildBoar.html
2019.03.11 14:03 B D:\bipin\vanvihar\ContactFrom_v15\wildBoarHI.html --> news360.netlegends.in /netlegends.in/ContactFrom_v15 wildBoarHI.html
2019.03.11 14:22 B D:\bipin\vanvihar\ContactFrom_v15\leopardHI.html --> news360.netlegends.in /netlegends.in/QR leopardHI.html
2019.03.11 14:22 B D:\bipin\vanvihar\ContactFrom_v15\leopard.html --> news360.netlegends.in /netlegends.in/QR leopard.html
2019.03.11 14:31 B D:\bipin\vanvihar\ContactFrom_v15\leopardHI.html --> news360.netlegends.in /netlegends.in/QR leopardHI.html
2019.03.11 14:31 B D:\bipin\vanvihar\ContactFrom_v15\leopard.html --> news360.netlegends.in /netlegends.in/QR leopard.html
2019.03.11 14:43 B D:\bipin\vanvihar\ContactFrom_v15\leopardHI.html --> news360.netlegends.in /netlegends.in/QR leopardHI.html
2019.03.11 14:43 B D:\bipin\vanvihar\ContactFrom_v15\leopard.html --> news360.netlegends.in /netlegends.in/QR leopard.html
